Arguments: 
  /usr/bin/node /usr/share/yarn/bin/yarn.js init --global

PATH: 
  /home/aiya000/.dotfiles/bin:/home/aiya000/bin:/home/aiya000/sbin:/home/aiya000/.dotfiles/bin:/home/aiya000/bin:/home/aiya000/sbin:/home/aiya000/bin:/home/aiya000/sbin:/home/aiya000/.dotfiles/bin:/bin:/sbin:/usr/bin:/usr/sbin:/usr/local/bin:/usr/local/sbin:/opt/bin:/opt/sbin:/opt/local/sbin:/opt/local/bin:/usr/local/sbin:/usr/local/bin:/usr/sbin:/usr/bin:/sbin:/bin:/usr/games:/usr/local/games:/mnt/c/Program Files/Oculus/Support/oculus-runtime:/mnt/c/Windows/system32:/mnt/c/Windows:/mnt/c/Windows/System32/Wbem:/mnt/c/Windows/System32/WindowsPowerShell/v1.0:/mnt/c/Windows/System32/OpenSSH:/mnt/c/Program Files (x86)/Intel/Intel(R) Management Engine Components/DAL:/mnt/c/Program Files/Intel/Intel(R) Management Engine Components/DAL:/mnt/c/Program Files (x86)/NVIDIA Corporation/PhysX/Common:/mnt/c/Program Files/NVIDIA Corporation/NVIDIA NvDLISR:/mnt/c/ProgramData/chocolatey/bin:/mnt/c/WINDOWS/system32:/mnt/c/WINDOWS:/mnt/c/WINDOWS/System32/Wbem:/mnt/c/WINDOWS/System32/WindowsPowerShell/v1.0:/mnt/c/WINDOWS/System32/OpenSSH:/mnt/c/Program Files/Git/cmd:/mnt/c/Program Files/Git/mingw64/bin:/mnt/c/Program Files/Git/usr/bin:/mnt/c/Users/udong/AppData/Local/Microsoft/WindowsApps:/mnt/c/Program Files/Oracle/VirtualBox:/snap/bin:/bin:/home/aiya000/.zsh/zsh_completions:/bin:/sbin:/usr/local/bin:/usr/local/sbin:/usr/bin:/usr/sbin:/opt/bin:/opt/sbin:/opt/local/sbin:/opt/local/bin:/home/aiya000/.GoPath/bin:/home/aiya000/.yarn/bin:/home/aiya000/.npm-prefix//bin:/home/aiya000/.cargo/bin:/home/aiya000/.zsh/zsh_completions:/home/aiya000/.local/bin:/usr/lib/git-core:/home/aiya000/.sh_generic/bin:/bin:/sbin:/usr/local/bin:/usr/local/sbin:/usr/bin:/usr/sbin:/opt/bin:/opt/sbin:/opt/local/sbin:/opt/local/bin:/home/aiya000/.GoPath/bin:/home/aiya000/.yarn/bin:/home/aiya000/.npm-prefix//bin:/home/aiya000/.cargo/bin:/home/aiya000/.zsh/zsh_completions:/home/aiya000/.local/bin:/usr/lib/git-core:/home/aiya000/.sh_generic/bin

Yarn version: 
  1.22.4

Node version: 
  8.10.0

Platform: 
  linux x64

Trace: 
  Error: canceled
      at Interface.<anonymous> (/usr/share/yarn/lib/cli.js:137008:13)
      at emitNone (events.js:106:13)
      at Interface.emit (events.js:208:7)
      at Interface._ttyWrite (readline.js:775:16)
      at ReadStream.onkeypress (readline.js:160:10)
      at emitTwo (events.js:126:13)
      at ReadStream.emit (events.js:214:7)
      at emitKeys (internal/readline.js:420:14)
      at emitKeys.next (<anonymous>)
      at ReadStream.onData (readline.js:1011:36)

npm manifest: 
  No manifest

yarn manifest: 
  No manifest

Lockfile: 
  No lockfile
